!SESSION 2023-10-17 09:00:51.867 -----------------------------------------------
eclipse.buildId=unknown
java.fullversion=11.0.13+8
JRE 11 Linux amd64-64-Bit Compressed References 20211022_282 (JIT enabled, AOT enabled)
OpenJ9   - e1e72c497
OMR      - 299b6a2d2
JCL      - 2d83aa3b76 based on jdk-11.0.13+8
BootLoader constants: OS=linux, ARCH=x86_64, WS=gtk, NL=en_GB
Command-line arguments:  -clean -nl en_GB -configuration /home/noe/Documents/Upssitech/3A/IA/workspace/.metadata/workspace_oplrun

!ENTRY ilog.odms.ide.opllang.remote 1 0 2023-10-17 09:00:51.868
!MESSAGE Run Configuration1 in /home/noe/Documents/Upssitech/3A/IA/project/TP1
!SESSION 2023-10-17 09:10:11.358 -----------------------------------------------
eclipse.buildId=unknown
java.fullversion=11.0.13+8
JRE 11 Linux amd64-64-Bit Compressed References 20211022_282 (JIT enabled, AOT enabled)
OpenJ9   - e1e72c497
OMR      - 299b6a2d2
JCL      - 2d83aa3b76 based on jdk-11.0.13+8
BootLoader constants: OS=linux, ARCH=x86_64, WS=gtk, NL=en_GB
Command-line arguments:  -clean -nl en_GB -configuration /home/noe/Documents/Upssitech/3A/IA/workspace/.metadata/workspace_oplrun

!ENTRY ilog.odms.ide.opllang.remote 1 0 2023-10-17 09:10:11.359
!MESSAGE Run Configuration1 in /home/noe/Documents/Upssitech/3A/IA/project/TP1
!SESSION 2023-10-17 09:20:07.167 -----------------------------------------------
eclipse.buildId=unknown
java.fullversion=11.0.13+8
JRE 11 Linux amd64-64-Bit Compressed References 20211022_282 (JIT enabled, AOT enabled)
OpenJ9   - e1e72c497
OMR      - 299b6a2d2
JCL      - 2d83aa3b76 based on jdk-11.0.13+8
BootLoader constants: OS=linux, ARCH=x86_64, WS=gtk, NL=en_GB
Command-line arguments:  -clean -nl en_GB -configuration /home/noe/Documents/Upssitech/3A/IA/workspace/.metadata/workspace_oplrun

!ENTRY ilog.odms.ide.opllang.remote 1 0 2023-10-17 09:20:07.167
!MESSAGE Run Configuration1 in /home/noe/Documents/Upssitech/3A/IA/project/TP1
!SESSION 2023-10-17 09:30:58.981 -----------------------------------------------
eclipse.buildId=unknown
java.fullversion=11.0.13+8
JRE 11 Linux amd64-64-Bit Compressed References 20211022_282 (JIT enabled, AOT enabled)
OpenJ9   - e1e72c497
OMR      - 299b6a2d2
JCL      - 2d83aa3b76 based on jdk-11.0.13+8
BootLoader constants: OS=linux, ARCH=x86_64, WS=gtk, NL=en_GB
Command-line arguments:  -clean -nl en_GB -configuration /home/noe/Documents/Upssitech/3A/IA/workspace/.metadata/workspace_oplrun

!ENTRY ilog.odms.ide.opllang.remote 1 0 2023-10-17 09:30:58.981
!MESSAGE Run Configuration1 in /home/noe/Documents/Upssitech/3A/IA/project/TP1
!SESSION 2023-10-17 10:28:52.377 -----------------------------------------------
eclipse.buildId=unknown
java.fullversion=11.0.13+8
JRE 11 Linux amd64-64-Bit Compressed References 20211022_282 (JIT enabled, AOT enabled)
OpenJ9   - e1e72c497
OMR      - 299b6a2d2
JCL      - 2d83aa3b76 based on jdk-11.0.13+8
BootLoader constants: OS=linux, ARCH=x86_64, WS=gtk, NL=en_GB
Command-line arguments:  -clean -nl en_GB -configuration /home/noe/Documents/Upssitech/3A/IA/workspace/.metadata/workspace_oplrun

!ENTRY ilog.odms.ide.opllang.remote 1 0 2023-10-17 10:28:52.377
!MESSAGE Run Configuration1 in /home/noe/Documents/Upssitech/3A/IA/project/TP1
!SESSION 2023-10-17 10:29:12.742 -----------------------------------------------
eclipse.buildId=unknown
java.fullversion=11.0.13+8
JRE 11 Linux amd64-64-Bit Compressed References 20211022_282 (JIT enabled, AOT enabled)
OpenJ9   - e1e72c497
OMR      - 299b6a2d2
JCL      - 2d83aa3b76 based on jdk-11.0.13+8
BootLoader constants: OS=linux, ARCH=x86_64, WS=gtk, NL=en_GB
Command-line arguments:  -clean -nl en_GB -configuration /home/noe/Documents/Upssitech/3A/IA/workspace/.metadata/workspace_oplrun

!ENTRY ilog.odms.ide.opllang.remote 1 0 2023-10-17 10:29:12.742
!MESSAGE Run Configuration1 in /home/noe/Documents/Upssitech/3A/IA/project/TP1
!SESSION 2023-10-17 10:32:06.206 -----------------------------------------------
eclipse.buildId=unknown
java.fullversion=11.0.13+8
JRE 11 Linux amd64-64-Bit Compressed References 20211022_282 (JIT enabled, AOT enabled)
OpenJ9   - e1e72c497
OMR      - 299b6a2d2
JCL      - 2d83aa3b76 based on jdk-11.0.13+8
BootLoader constants: OS=linux, ARCH=x86_64, WS=gtk, NL=en_GB
Command-line arguments:  -clean -nl en_GB -configuration /home/noe/Documents/Upssitech/3A/IA/workspace/.metadata/workspace_oplrun

!ENTRY ilog.odms.ide.opllang.remote 1 0 2023-10-17 10:32:06.206
!MESSAGE Run Configuration1 in /home/noe/Documents/Upssitech/3A/IA/project/TP1

!ENTRY ilog.odms.ide.opllang.remote 4 0 2023-10-17 10:32:06.289
!MESSAGE run failed
!STACK 0
ilog.concert.IloException: Processing failed.
	at ilog.opl.opl_lang_wrapJNI.IloOplModel_getModel(Native Method)
	at ilog.opl.IloOplModel.getModel(IloOplModel.java:633)
	at ilog.odms.ide.opllang.run.IloAbstractRunShell.loadModel(IloAbstractRunShell.java:1215)
	at ilog.odms.ide.opllang.remote.IloOplRunConfigRunner.doProcessModel(IloOplRunConfigRunner.java:156)
	at ilog.odms.ide.opllang.remote.IloOplRunConfigRunner.doRun(IloOplRunConfigRunner.java:377)
	at ilog.odms.ide.opllang.run.IloAbstractRunShell$2.run(IloAbstractRunShell.java:1605)
	at org.eclipse.core.internal.jobs.Worker.run(Worker.java:63)
!SESSION 2023-10-17 10:32:31.295 -----------------------------------------------
eclipse.buildId=unknown
java.fullversion=11.0.13+8
JRE 11 Linux amd64-64-Bit Compressed References 20211022_282 (JIT enabled, AOT enabled)
OpenJ9   - e1e72c497
OMR      - 299b6a2d2
JCL      - 2d83aa3b76 based on jdk-11.0.13+8
BootLoader constants: OS=linux, ARCH=x86_64, WS=gtk, NL=en_GB
Command-line arguments:  -clean -nl en_GB -configuration /home/noe/Documents/Upssitech/3A/IA/workspace/.metadata/workspace_oplrun

!ENTRY ilog.odms.ide.opllang.remote 1 0 2023-10-17 10:32:31.296
!MESSAGE Run Configuration1 in /home/noe/Documents/Upssitech/3A/IA/project/TP1
!SESSION 2023-10-17 10:32:54.693 -----------------------------------------------
eclipse.buildId=unknown
java.fullversion=11.0.13+8
JRE 11 Linux amd64-64-Bit Compressed References 20211022_282 (JIT enabled, AOT enabled)
OpenJ9   - e1e72c497
OMR      - 299b6a2d2
JCL      - 2d83aa3b76 based on jdk-11.0.13+8
BootLoader constants: OS=linux, ARCH=x86_64, WS=gtk, NL=en_GB
Command-line arguments:  -clean -nl en_GB -configuration /home/noe/Documents/Upssitech/3A/IA/workspace/.metadata/workspace_oplrun

!ENTRY ilog.odms.ide.opllang.remote 1 0 2023-10-17 10:32:54.694
!MESSAGE Run Configuration1 in /home/noe/Documents/Upssitech/3A/IA/project/TP1
!SESSION 2023-10-17 10:51:05.497 -----------------------------------------------
eclipse.buildId=unknown
java.fullversion=11.0.13+8
JRE 11 Linux amd64-64-Bit Compressed References 20211022_282 (JIT enabled, AOT enabled)
OpenJ9   - e1e72c497
OMR      - 299b6a2d2
JCL      - 2d83aa3b76 based on jdk-11.0.13+8
BootLoader constants: OS=linux, ARCH=x86_64, WS=gtk, NL=en_GB
Command-line arguments:  -clean -nl en_GB -configuration /home/noe/Documents/Upssitech/3A/IA/workspace/.metadata/workspace_oplrun

!ENTRY ilog.odms.ide.opllang.remote 1 0 2023-10-17 10:51:05.497
!MESSAGE Run Configuration1 in /home/noe/Documents/Upssitech/3A/IA/project/TP1
!SESSION 2023-10-17 10:52:32.318 -----------------------------------------------
eclipse.buildId=unknown
java.fullversion=11.0.13+8
JRE 11 Linux amd64-64-Bit Compressed References 20211022_282 (JIT enabled, AOT enabled)
OpenJ9   - e1e72c497
OMR      - 299b6a2d2
JCL      - 2d83aa3b76 based on jdk-11.0.13+8
BootLoader constants: OS=linux, ARCH=x86_64, WS=gtk, NL=en_GB
Command-line arguments:  -clean -nl en_GB -configuration /home/noe/Documents/Upssitech/3A/IA/workspace/.metadata/workspace_oplrun

!ENTRY ilog.odms.ide.opllang.remote 1 0 2023-10-17 10:52:32.319
!MESSAGE Run Configuration1 in /home/noe/Documents/Upssitech/3A/IA/project/TP1
!SESSION 2023-10-17 10:52:54.308 -----------------------------------------------
eclipse.buildId=unknown
java.fullversion=11.0.13+8
JRE 11 Linux amd64-64-Bit Compressed References 20211022_282 (JIT enabled, AOT enabled)
OpenJ9   - e1e72c497
OMR      - 299b6a2d2
JCL      - 2d83aa3b76 based on jdk-11.0.13+8
BootLoader constants: OS=linux, ARCH=x86_64, WS=gtk, NL=en_GB
Command-line arguments:  -clean -nl en_GB -configuration /home/noe/Documents/Upssitech/3A/IA/workspace/.metadata/workspace_oplrun

!ENTRY ilog.odms.ide.opllang.remote 1 0 2023-10-17 10:52:54.309
!MESSAGE Run Configuration1 in /home/noe/Documents/Upssitech/3A/IA/project/TP1
!SESSION 2023-10-17 10:53:09.089 -----------------------------------------------
eclipse.buildId=unknown
java.fullversion=11.0.13+8
JRE 11 Linux amd64-64-Bit Compressed References 20211022_282 (JIT enabled, AOT enabled)
OpenJ9   - e1e72c497
OMR      - 299b6a2d2
JCL      - 2d83aa3b76 based on jdk-11.0.13+8
BootLoader constants: OS=linux, ARCH=x86_64, WS=gtk, NL=en_GB
Command-line arguments:  -clean -nl en_GB -configuration /home/noe/Documents/Upssitech/3A/IA/workspace/.metadata/workspace_oplrun

!ENTRY ilog.odms.ide.opllang.remote 1 0 2023-10-17 10:53:09.089
!MESSAGE Run Configuration1 in /home/noe/Documents/Upssitech/3A/IA/project/TP1
!SESSION 2023-10-17 10:58:06.963 -----------------------------------------------
eclipse.buildId=unknown
java.fullversion=11.0.13+8
JRE 11 Linux amd64-64-Bit Compressed References 20211022_282 (JIT enabled, AOT enabled)
OpenJ9   - e1e72c497
OMR      - 299b6a2d2
JCL      - 2d83aa3b76 based on jdk-11.0.13+8
BootLoader constants: OS=linux, ARCH=x86_64, WS=gtk, NL=en_GB
Command-line arguments:  -clean -nl en_GB -configuration /home/noe/Documents/Upssitech/3A/IA/workspace/.metadata/workspace_oplrun

!ENTRY ilog.odms.ide.opllang.remote 1 0 2023-10-17 10:58:06.963
!MESSAGE Run Configuration1 in /home/noe/Documents/Upssitech/3A/IA/project/TP1
!SESSION 2023-10-17 11:04:33.078 -----------------------------------------------
eclipse.buildId=unknown
java.fullversion=11.0.13+8
JRE 11 Linux amd64-64-Bit Compressed References 20211022_282 (JIT enabled, AOT enabled)
OpenJ9   - e1e72c497
OMR      - 299b6a2d2
JCL      - 2d83aa3b76 based on jdk-11.0.13+8
BootLoader constants: OS=linux, ARCH=x86_64, WS=gtk, NL=en_GB
Command-line arguments:  -clean -nl en_GB -configuration /home/noe/Documents/Upssitech/3A/IA/workspace/.metadata/workspace_oplrun

!ENTRY ilog.odms.ide.opllang.remote 1 0 2023-10-17 11:04:33.078
!MESSAGE Run Configuration1 in /home/noe/Documents/Upssitech/3A/IA/project/TP1

!ENTRY ilog.odms.ide.opllang.remote 4 0 2023-10-17 11:04:33.153
!MESSAGE run failed
!STACK 0
ilog.concert.IloException: Processing failed.
	at ilog.opl.opl_lang_wrapJNI.IloOplModel_getModel(Native Method)
	at ilog.opl.IloOplModel.getModel(IloOplModel.java:633)
	at ilog.odms.ide.opllang.run.IloAbstractRunShell.loadModel(IloAbstractRunShell.java:1215)
	at ilog.odms.ide.opllang.remote.IloOplRunConfigRunner.doProcessModel(IloOplRunConfigRunner.java:156)
	at ilog.odms.ide.opllang.remote.IloOplRunConfigRunner.doRun(IloOplRunConfigRunner.java:377)
	at ilog.odms.ide.opllang.run.IloAbstractRunShell$2.run(IloAbstractRunShell.java:1605)
	at org.eclipse.core.internal.jobs.Worker.run(Worker.java:63)
!SESSION 2023-10-17 11:05:36.756 -----------------------------------------------
eclipse.buildId=unknown
java.fullversion=11.0.13+8
JRE 11 Linux amd64-64-Bit Compressed References 20211022_282 (JIT enabled, AOT enabled)
OpenJ9   - e1e72c497
OMR      - 299b6a2d2
JCL      - 2d83aa3b76 based on jdk-11.0.13+8
BootLoader constants: OS=linux, ARCH=x86_64, WS=gtk, NL=en_GB
Command-line arguments:  -clean -nl en_GB -configuration /home/noe/Documents/Upssitech/3A/IA/workspace/.metadata/workspace_oplrun

!ENTRY ilog.odms.ide.opllang.remote 1 0 2023-10-17 11:05:36.756
!MESSAGE Run Configuration1 in /home/noe/Documents/Upssitech/3A/IA/project/TP1
!SESSION 2023-10-17 11:05:44.910 -----------------------------------------------
eclipse.buildId=unknown
java.fullversion=11.0.13+8
JRE 11 Linux amd64-64-Bit Compressed References 20211022_282 (JIT enabled, AOT enabled)
OpenJ9   - e1e72c497
OMR      - 299b6a2d2
JCL      - 2d83aa3b76 based on jdk-11.0.13+8
BootLoader constants: OS=linux, ARCH=x86_64, WS=gtk, NL=en_GB
Command-line arguments:  -clean -nl en_GB -configuration /home/noe/Documents/Upssitech/3A/IA/workspace/.metadata/workspace_oplrun

!ENTRY ilog.odms.ide.opllang.remote 1 0 2023-10-17 11:05:44.911
!MESSAGE Run Configuration1 in /home/noe/Documents/Upssitech/3A/IA/project/TP1
!SESSION 2023-10-17 11:05:59.677 -----------------------------------------------
eclipse.buildId=unknown
java.fullversion=11.0.13+8
JRE 11 Linux amd64-64-Bit Compressed References 20211022_282 (JIT enabled, AOT enabled)
OpenJ9   - e1e72c497
OMR      - 299b6a2d2
JCL      - 2d83aa3b76 based on jdk-11.0.13+8
BootLoader constants: OS=linux, ARCH=x86_64, WS=gtk, NL=en_GB
Command-line arguments:  -clean -nl en_GB -configuration /home/noe/Documents/Upssitech/3A/IA/workspace/.metadata/workspace_oplrun

!ENTRY ilog.odms.ide.opllang.remote 1 0 2023-10-17 11:05:59.677
!MESSAGE Run Configuration1 in /home/noe/Documents/Upssitech/3A/IA/project/TP1
!SESSION 2023-10-17 11:17:48.777 -----------------------------------------------
eclipse.buildId=unknown
java.fullversion=11.0.13+8
JRE 11 Linux amd64-64-Bit Compressed References 20211022_282 (JIT enabled, AOT enabled)
OpenJ9   - e1e72c497
OMR      - 299b6a2d2
JCL      - 2d83aa3b76 based on jdk-11.0.13+8
BootLoader constants: OS=linux, ARCH=x86_64, WS=gtk, NL=en_GB
Command-line arguments:  -clean -nl en_GB -configuration /home/noe/Documents/Upssitech/3A/IA/workspace/.metadata/workspace_oplrun

!ENTRY ilog.odms.ide.opllang.remote 1 0 2023-10-17 11:17:48.777
!MESSAGE Run Configuration1 in /home/noe/Documents/Upssitech/3A/IA/project/TP1
!SESSION 2023-10-17 11:18:04.295 -----------------------------------------------
eclipse.buildId=unknown
java.fullversion=11.0.13+8
JRE 11 Linux amd64-64-Bit Compressed References 20211022_282 (JIT enabled, AOT enabled)
OpenJ9   - e1e72c497
OMR      - 299b6a2d2
JCL      - 2d83aa3b76 based on jdk-11.0.13+8
BootLoader constants: OS=linux, ARCH=x86_64, WS=gtk, NL=en_GB
Command-line arguments:  -clean -nl en_GB -configuration /home/noe/Documents/Upssitech/3A/IA/workspace/.metadata/workspace_oplrun

!ENTRY ilog.odms.ide.opllang.remote 1 0 2023-10-17 11:18:04.295
!MESSAGE Run Configuration1 in /home/noe/Documents/Upssitech/3A/IA/project/TP1
!SESSION 2023-10-17 11:40:43.689 -----------------------------------------------
eclipse.buildId=unknown
java.fullversion=11.0.13+8
JRE 11 Linux amd64-64-Bit Compressed References 20211022_282 (JIT enabled, AOT enabled)
OpenJ9   - e1e72c497
OMR      - 299b6a2d2
JCL      - 2d83aa3b76 based on jdk-11.0.13+8
BootLoader constants: OS=linux, ARCH=x86_64, WS=gtk, NL=en_GB
Command-line arguments:  -clean -nl en_GB -configuration /home/noe/Documents/Upssitech/3A/IA/workspace/.metadata/workspace_oplrun

!ENTRY ilog.odms.ide.opllang.remote 1 0 2023-10-17 11:40:43.689
!MESSAGE Run Configuration1 in /home/noe/Documents/Upssitech/3A/IA/project/TP1
!SESSION 2023-10-17 11:41:39.837 -----------------------------------------------
eclipse.buildId=unknown
java.fullversion=11.0.13+8
JRE 11 Linux amd64-64-Bit Compressed References 20211022_282 (JIT enabled, AOT enabled)
OpenJ9   - e1e72c497
OMR      - 299b6a2d2
JCL      - 2d83aa3b76 based on jdk-11.0.13+8
BootLoader constants: OS=linux, ARCH=x86_64, WS=gtk, NL=en_GB
Command-line arguments:  -clean -nl en_GB -configuration /home/noe/Documents/Upssitech/3A/IA/workspace/.metadata/workspace_oplrun

!ENTRY ilog.odms.ide.opllang.remote 1 0 2023-10-17 11:41:39.837
!MESSAGE Run Configuration1 in /home/noe/Documents/Upssitech/3A/IA/project/TP1
!SESSION 2023-10-17 11:42:13.395 -----------------------------------------------
eclipse.buildId=unknown
java.fullversion=11.0.13+8
JRE 11 Linux amd64-64-Bit Compressed References 20211022_282 (JIT enabled, AOT enabled)
OpenJ9   - e1e72c497
OMR      - 299b6a2d2
JCL      - 2d83aa3b76 based on jdk-11.0.13+8
BootLoader constants: OS=linux, ARCH=x86_64, WS=gtk, NL=en_GB
Command-line arguments:  -clean -nl en_GB -configuration /home/noe/Documents/Upssitech/3A/IA/workspace/.metadata/workspace_oplrun

!ENTRY ilog.odms.ide.opllang.remote 1 0 2023-10-17 11:42:13.396
!MESSAGE Run Configuration1 in /home/noe/Documents/Upssitech/3A/IA/project/TP1
!SESSION 2023-10-17 11:42:36.776 -----------------------------------------------
eclipse.buildId=unknown
java.fullversion=11.0.13+8
JRE 11 Linux amd64-64-Bit Compressed References 20211022_282 (JIT enabled, AOT enabled)
OpenJ9   - e1e72c497
OMR      - 299b6a2d2
JCL      - 2d83aa3b76 based on jdk-11.0.13+8
BootLoader constants: OS=linux, ARCH=x86_64, WS=gtk, NL=en_GB
Command-line arguments:  -clean -nl en_GB -configuration /home/noe/Documents/Upssitech/3A/IA/workspace/.metadata/workspace_oplrun

!ENTRY ilog.odms.ide.opllang.remote 1 0 2023-10-17 11:42:36.776
!MESSAGE Run Configuration1 in /home/noe/Documents/Upssitech/3A/IA/project/TP1
!SESSION 2023-10-17 11:45:25.987 -----------------------------------------------
eclipse.buildId=unknown
java.fullversion=11.0.13+8
JRE 11 Linux amd64-64-Bit Compressed References 20211022_282 (JIT enabled, AOT enabled)
OpenJ9   - e1e72c497
OMR      - 299b6a2d2
JCL      - 2d83aa3b76 based on jdk-11.0.13+8
BootLoader constants: OS=linux, ARCH=x86_64, WS=gtk, NL=en_GB
Command-line arguments:  -clean -nl en_GB -configuration /home/noe/Documents/Upssitech/3A/IA/workspace/.metadata/workspace_oplrun

!ENTRY ilog.odms.ide.opllang.remote 1 0 2023-10-17 11:45:25.987
!MESSAGE Run Configuration1 in /home/noe/Documents/Upssitech/3A/IA/project/TP1
!SESSION 2023-10-17 11:45:53.133 -----------------------------------------------
eclipse.buildId=unknown
java.fullversion=11.0.13+8
JRE 11 Linux amd64-64-Bit Compressed References 20211022_282 (JIT enabled, AOT enabled)
OpenJ9   - e1e72c497
OMR      - 299b6a2d2
JCL      - 2d83aa3b76 based on jdk-11.0.13+8
BootLoader constants: OS=linux, ARCH=x86_64, WS=gtk, NL=en_GB
Command-line arguments:  -clean -nl en_GB -configuration /home/noe/Documents/Upssitech/3A/IA/workspace/.metadata/workspace_oplrun

!ENTRY ilog.odms.ide.opllang.remote 1 0 2023-10-17 11:45:53.133
!MESSAGE Run Configuration1 in /home/noe/Documents/Upssitech/3A/IA/project/TP1
!SESSION 2023-10-17 11:46:20.858 -----------------------------------------------
eclipse.buildId=unknown
java.fullversion=11.0.13+8
JRE 11 Linux amd64-64-Bit Compressed References 20211022_282 (JIT enabled, AOT enabled)
OpenJ9   - e1e72c497
OMR      - 299b6a2d2
JCL      - 2d83aa3b76 based on jdk-11.0.13+8
BootLoader constants: OS=linux, ARCH=x86_64, WS=gtk, NL=en_GB
Command-line arguments:  -clean -nl en_GB -configuration /home/noe/Documents/Upssitech/3A/IA/workspace/.metadata/workspace_oplrun

!ENTRY ilog.odms.ide.opllang.remote 1 0 2023-10-17 11:46:20.859
!MESSAGE Run Configuration1 in /home/noe/Documents/Upssitech/3A/IA/project/TP1
!SESSION 2023-10-17 11:46:40.843 -----------------------------------------------
eclipse.buildId=unknown
java.fullversion=11.0.13+8
JRE 11 Linux amd64-64-Bit Compressed References 20211022_282 (JIT enabled, AOT enabled)
OpenJ9   - e1e72c497
OMR      - 299b6a2d2
JCL      - 2d83aa3b76 based on jdk-11.0.13+8
BootLoader constants: OS=linux, ARCH=x86_64, WS=gtk, NL=en_GB
Command-line arguments:  -clean -nl en_GB -configuration /home/noe/Documents/Upssitech/3A/IA/workspace/.metadata/workspace_oplrun

!ENTRY ilog.odms.ide.opllang.remote 1 0 2023-10-17 11:46:40.843
!MESSAGE Run Configuration1 in /home/noe/Documents/Upssitech/3A/IA/project/TP1
!SESSION 2023-10-17 11:51:01.752 -----------------------------------------------
eclipse.buildId=unknown
java.fullversion=11.0.13+8
JRE 11 Linux amd64-64-Bit Compressed References 20211022_282 (JIT enabled, AOT enabled)
OpenJ9   - e1e72c497
OMR      - 299b6a2d2
JCL      - 2d83aa3b76 based on jdk-11.0.13+8
BootLoader constants: OS=linux, ARCH=x86_64, WS=gtk, NL=en_GB
Command-line arguments:  -clean -nl en_GB -configuration /home/noe/Documents/Upssitech/3A/IA/workspace/.metadata/workspace_oplrun

!ENTRY ilog.odms.ide.opllang.remote 1 0 2023-10-17 11:51:01.752
!MESSAGE Run Configuration1 in /home/noe/Documents/Upssitech/3A/IA/project/TP1
!SESSION 2023-10-17 11:55:26.723 -----------------------------------------------
eclipse.buildId=unknown
java.fullversion=11.0.13+8
JRE 11 Linux amd64-64-Bit Compressed References 20211022_282 (JIT enabled, AOT enabled)
OpenJ9   - e1e72c497
OMR      - 299b6a2d2
JCL      - 2d83aa3b76 based on jdk-11.0.13+8
BootLoader constants: OS=linux, ARCH=x86_64, WS=gtk, NL=en_GB
Command-line arguments:  -clean -nl en_GB -configuration /home/noe/Documents/Upssitech/3A/IA/workspace/.metadata/workspace_oplrun

!ENTRY ilog.odms.ide.opllang.remote 1 0 2023-10-17 11:55:26.723
!MESSAGE Run Configuration1 in /home/noe/Documents/Upssitech/3A/IA/project/TP1
!SESSION 2023-10-17 11:55:47.218 -----------------------------------------------
eclipse.buildId=unknown
java.fullversion=11.0.13+8
JRE 11 Linux amd64-64-Bit Compressed References 20211022_282 (JIT enabled, AOT enabled)
OpenJ9   - e1e72c497
OMR      - 299b6a2d2
JCL      - 2d83aa3b76 based on jdk-11.0.13+8
BootLoader constants: OS=linux, ARCH=x86_64, WS=gtk, NL=en_GB
Command-line arguments:  -clean -nl en_GB -configuration /home/noe/Documents/Upssitech/3A/IA/workspace/.metadata/workspace_oplrun

!ENTRY ilog.odms.ide.opllang.remote 1 0 2023-10-17 11:55:47.218
!MESSAGE Run Configuration1 in /home/noe/Documents/Upssitech/3A/IA/project/TP1
!SESSION 2023-10-17 11:56:31.376 -----------------------------------------------
eclipse.buildId=unknown
java.fullversion=11.0.13+8
JRE 11 Linux amd64-64-Bit Compressed References 20211022_282 (JIT enabled, AOT enabled)
OpenJ9   - e1e72c497
OMR      - 299b6a2d2
JCL      - 2d83aa3b76 based on jdk-11.0.13+8
BootLoader constants: OS=linux, ARCH=x86_64, WS=gtk, NL=en_GB
Command-line arguments:  -clean -nl en_GB -configuration /home/noe/Documents/Upssitech/3A/IA/workspace/.metadata/workspace_oplrun

!ENTRY ilog.odms.ide.opllang.remote 1 0 2023-10-17 11:56:31.376
!MESSAGE Run Configuration1 in /home/noe/Documents/Upssitech/3A/IA/project/TP1

!ENTRY ilog.odms.ide.opllang.remote 4 0 2023-10-17 11:57:28.190
!MESSAGE run failed
!STACK 0
ilog.concert.IloException: Processing aborted.
	at ilog.opl.opl_lang_wrapJNI.IloOplErrorHandlerWrapper_superOk(Native Method)
	at ilog.opl.IloOplErrorHandlerWrapper.superOk(IloOplErrorHandlerWrapper.java:86)
	at ilog.opl.IloCustomOplErrorHandler.customOk(IloCustomOplErrorHandler.java:78)
	at ilog.opl.IloCustomOplErrorHandler$MyEH.ok(IloCustomOplErrorHandler.java:35)
	at ilog.opl.opl_lang_wrapJNI.SwigDirector_IloOplErrorHandlerWrapper_ok(opl_lang_wrapJNI.java:1147)
	at ilog.opl.opl_lang_wrapJNI.IloOplErrorHandler_ok(Native Method)
	at ilog.opl.IloOplErrorHandler.ok(IloOplErrorHandler.java:131)
	at ilog.odms.ide.opllang.remote.IloOplRunConfigRunner.doProcessSimpleCplex(IloOplRunConfigRunner.java:279)
	at ilog.odms.ide.opllang.remote.IloOplRunConfigRunner.doProcessSimple(IloOplRunConfigRunner.java:177)
	at ilog.odms.ide.opllang.remote.IloOplRunConfigRunner.doProcessModel(IloOplRunConfigRunner.java:163)
	at ilog.odms.ide.opllang.remote.IloOplRunConfigRunner.doRun(IloOplRunConfigRunner.java:377)
	at ilog.odms.ide.opllang.run.IloAbstractRunShell$2.run(IloAbstractRunShell.java:1605)
	at org.eclipse.core.internal.jobs.Worker.run(Worker.java:63)
!SESSION 2023-10-17 11:57:34.379 -----------------------------------------------
eclipse.buildId=unknown
java.fullversion=11.0.13+8
JRE 11 Linux amd64-64-Bit Compressed References 20211022_282 (JIT enabled, AOT enabled)
OpenJ9   - e1e72c497
OMR      - 299b6a2d2
JCL      - 2d83aa3b76 based on jdk-11.0.13+8
BootLoader constants: OS=linux, ARCH=x86_64, WS=gtk, NL=en_GB
Command-line arguments:  -clean -nl en_GB -configuration /home/noe/Documents/Upssitech/3A/IA/workspace/.metadata/workspace_oplrun

!ENTRY ilog.odms.ide.opllang.remote 1 0 2023-10-17 11:57:34.380
!MESSAGE Run Configuration1 in /home/noe/Documents/Upssitech/3A/IA/project/TP1
!SESSION 2023-10-17 11:57:45.888 -----------------------------------------------
eclipse.buildId=unknown
java.fullversion=11.0.13+8
JRE 11 Linux amd64-64-Bit Compressed References 20211022_282 (JIT enabled, AOT enabled)
OpenJ9   - e1e72c497
OMR      - 299b6a2d2
JCL      - 2d83aa3b76 based on jdk-11.0.13+8
BootLoader constants: OS=linux, ARCH=x86_64, WS=gtk, NL=en_GB
Command-line arguments:  -clean -nl en_GB -configuration /home/noe/Documents/Upssitech/3A/IA/workspace/.metadata/workspace_oplrun

!ENTRY ilog.odms.ide.opllang.remote 1 0 2023-10-17 11:57:45.888
!MESSAGE Run Configuration1 in /home/noe/Documents/Upssitech/3A/IA/project/TP1
